<?xml version="1.0" encoding="UTF-8"?>
<!-- Generated by org.testng.reporters.JUnitXMLReporter -->
<testsuite ignored="0" hostname="Samsung-PC" failures="0" tests="3" name="Default test" time="45.013" errors="0" timestamp="07 Apr 2019 12:24:22 GMT">
  <testcase classname="pages.LoginPageSteps" name="CheckLoginPageSuccess" time="10.438"/>
  <testcase classname="pages.LoginPageSteps" name="CheckLoginPageSuccess" time="10.387"/>
  <testcase classname="pages.LoginPageSteps" name="CheckLoginPageSuccess" time="10.364"/>
</testsuite> <!-- Default test -->
