<?xml version="1.0" encoding="UTF-8"?>
<!-- Generated by org.testng.reporters.JUnitXMLReporter -->
<testsuite ignored="0" hostname="Samsung-PC" failures="0" tests="3" name="Test1" time="44.945" errors="0" timestamp="07 Apr 2019 12:21:21 GMT">
  <testcase classname="pages.LoginPageSteps" name="CheckLoginPageSuccess" time="10.521"/>
  <testcase classname="pages.LoginPageSteps" name="CheckLoginPageSuccess" time="10.341"/>
  <testcase classname="pages.LoginPageSteps" name="CheckLoginPageSuccess" time="10.661"/>
</testsuite> <!-- Test1 -->
