<?xml version="1.0" encoding="UTF-8"?>
<testng-results ignored="0" total="3" passed="3" failed="0" skipped="0">
  <reporter-output>
  </reporter-output>
  <suite started-at="2019-04-07T12:23:37Z" name="Default suite" finished-at="2019-04-07T12:24:22Z" duration-ms="45013">
    <groups>
    </groups>
    <test started-at="2019-04-07T12:23:37Z" name="Default test" finished-at="2019-04-07T12:24:22Z" duration-ms="45013">
      <class name="pages.LoginPageSteps">
        <test-method is-config="true" signature="setup()[pri:0, instance:pages.LoginPageSteps@70be0a2b]" started-at="2019-04-07T12:23:38Z" name="setup" finished-at="2019-04-07T12:23:42Z" duration-ms="4115" status="PASS">
          <reporter-output>
          </reporter-output>
        </test-method> <!-- setup -->
        <test-method signature="CheckLoginPageSuccess(java.lang.String, java.lang.String)[pri:0, instance:pages.LoginPageSteps@70be0a2b]" started-at="2019-04-07T12:23:42Z" name="CheckLoginPageSuccess" data-provider="testData" finished-at="2019-04-07T12:23:53Z" duration-ms="10438" status="PASS">
          <params>
            <param index="0">
              <value>
                <![CDATA[admin]]>
              </value>
            </param>
            <param index="1">
              <value>
                <![CDATA[admin]]>
              </value>
            </param>
          </params>
          <reporter-output>
          </reporter-output>
        </test-method> <!-- CheckLoginPageSuccess -->
        <test-method is-config="true" signature="EndSession()[pri:0, instance:pages.LoginPageSteps@70be0a2b]" started-at="2019-04-07T12:23:53Z" name="EndSession" finished-at="2019-04-07T12:23:53Z" duration-ms="701" status="PASS">
          <reporter-output>
          </reporter-output>
        </test-method> <!-- EndSession -->
        <test-method is-config="true" signature="setup()[pri:0, instance:pages.LoginPageSteps@70be0a2b]" started-at="2019-04-07T12:23:53Z" name="setup" finished-at="2019-04-07T12:23:57Z" duration-ms="3872" status="PASS">
          <reporter-output>
          </reporter-output>
        </test-method> <!-- setup -->
        <test-method signature="CheckLoginPageSuccess(java.lang.String, java.lang.String)[pri:0, instance:pages.LoginPageSteps@70be0a2b]" started-at="2019-04-07T12:23:57Z" name="CheckLoginPageSuccess" data-provider="testData" finished-at="2019-04-07T12:24:08Z" duration-ms="10387" status="PASS">
          <params>
            <param index="0">
              <value>
                <![CDATA[admin]]>
              </value>
            </param>
            <param index="1">
              <value>
                <![CDATA[admin]]>
              </value>
            </param>
          </params>
          <reporter-output>
          </reporter-output>
        </test-method> <!-- CheckLoginPageSuccess -->
        <test-method is-config="true" signature="EndSession()[pri:0, instance:pages.LoginPageSteps@70be0a2b]" started-at="2019-04-07T12:24:08Z" name="EndSession" finished-at="2019-04-07T12:24:08Z" duration-ms="628" status="PASS">
          <reporter-output>
          </reporter-output>
        </test-method> <!-- EndSession -->
        <test-method is-config="true" signature="setup()[pri:0, instance:pages.LoginPageSteps@70be0a2b]" started-at="2019-04-07T12:24:08Z" name="setup" finished-at="2019-04-07T12:24:11Z" duration-ms="2966" status="PASS">
          <reporter-output>
          </reporter-output>
        </test-method> <!-- setup -->
        <test-method signature="CheckLoginPageSuccess(java.lang.String, java.lang.String)[pri:0, instance:pages.LoginPageSteps@70be0a2b]" started-at="2019-04-07T12:24:11Z" name="CheckLoginPageSuccess" data-provider="testData" finished-at="2019-04-07T12:24:22Z" duration-ms="10364" status="PASS">
          <params>
            <param index="0">
              <value>
                <![CDATA[admin]]>
              </value>
            </param>
            <param index="1">
              <value>
                <![CDATA[admin]]>
              </value>
            </param>
          </params>
          <reporter-output>
          </reporter-output>
        </test-method> <!-- CheckLoginPageSuccess -->
        <test-method is-config="true" signature="EndSession()[pri:0, instance:pages.LoginPageSteps@70be0a2b]" started-at="2019-04-07T12:24:22Z" name="EndSession" finished-at="2019-04-07T12:24:22Z" duration-ms="632" status="PASS">
          <reporter-output>
          </reporter-output>
        </test-method> <!-- EndSession -->
      </class> <!-- pages.LoginPageSteps -->
    </test> <!-- Default test -->
  </suite> <!-- Default suite -->
</testng-results>
